app/build/intermediates/manifest_merge_blame_file/debug/manifest-merger-blame-debug-report.txt
1<?xml version="1.0" encoding="utf-8"?>
2<manifest xmlns:android="http://schemas.android.com/apk/res/android"
3    package="com.countwearables.app"
4    android:versionCode="1"
5    android:versionName="1.0" >
6
7    <uses-sdk
8        android:minSdkVersion="24"
9        android:targetSdkVersion="34" />
10
11    <!-- Camera and Storage Permissions -->
12    <uses-feature
12-->src\main\AndroidManifest.xml:6:5-8:36
13        android:name="android.hardware.camera"
13-->src\main\AndroidManifest.xml:7:9-47
14        android:required="false" />
14-->src\main\AndroidManifest.xml:8:9-33
15
16    <uses-permission android:name="android.permission.CAMERA" />
16-->src\main\AndroidManifest.xml:10:5-65
16-->src\main\AndroidManifest.xml:10:22-62
17    <uses-permission
17-->src\main\AndroidManifest.xml:11:5-12:38
18        android:name="android.permission.READ_EXTERNAL_STORAGE"
18-->src\main\AndroidManifest.xml:11:22-77
19        android:maxSdkVersion="32" />
19-->src\main\AndroidManifest.xml:12:9-35
20    <uses-permission
20-->src\main\AndroidManifest.xml:13:5-15:40
21        android:name="android.permission.WRITE_EXTERNAL_STORAGE"
21-->src\main\AndroidManifest.xml:13:22-78
22        android:maxSdkVersion="29" />
22-->src\main\AndroidManifest.xml:14:9-35
23    <uses-permission android:name="android.permission.READ_MEDIA_IMAGES" />
23-->src\main\AndroidManifest.xml:16:5-76
23-->src\main\AndroidManifest.xml:16:22-73
24
25    <permission
25-->[androidx.core:core:1.12.0] AndroidManifest.xml:22:5-24:47
26        android:name="com.countwearables.app.DYNAMIC_RECEIVER_NOT_EXPORTED_PERMISSION"
26-->[androidx.core:core:1.12.0] AndroidManifest.xml:23:9-81
27        android:protectionLevel="signature" />
27-->[androidx.core:core:1.12.0] AndroidManifest.xml:24:9-44
28
29    <uses-permission android:name="com.countwearables.app.DYNAMIC_RECEIVER_NOT_EXPORTED_PERMISSION" />
29-->[androidx.core:core:1.12.0] AndroidManifest.xml:26:5-97
29-->[androidx.core:core:1.12.0] AndroidManifest.xml:26:22-94
30
31    <application
31-->src\main\AndroidManifest.xml:18:5-70:19
32        android:allowBackup="true"
32-->src\main\AndroidManifest.xml:19:9-35
33        android:appComponentFactory="androidx.core.app.CoreComponentFactory"
33-->[androidx.core:core:1.12.0] AndroidManifest.xml:28:18-86
34        android:debuggable="true"
35        android:extractNativeLibs="false"
36        android:icon="@drawable/app_icon"
36-->src\main\AndroidManifest.xml:20:9-42
37        android:label="@string/app_name"
37-->src\main\AndroidManifest.xml:21:9-41
38        android:supportsRtl="true"
38-->src\main\AndroidManifest.xml:22:9-35
39        android:testOnly="true"
40        android:theme="@style/Theme.CountWearables" >
40-->src\main\AndroidManifest.xml:23:9-52
41
42        <!-- Login Activity - Entry Point -->
43        <activity
43-->src\main\AndroidManifest.xml:27:9-34:20
44            android:name="com.countwearables.app.ui.LoginActivity"
44-->src\main\AndroidManifest.xml:28:13-45
45            android:exported="true" >
45-->src\main\AndroidManifest.xml:29:13-36
46            <intent-filter>
46-->src\main\AndroidManifest.xml:30:13-33:29
47                <action android:name="android.intent.action.MAIN" />
47-->src\main\AndroidManifest.xml:31:17-69
47-->src\main\AndroidManifest.xml:31:25-66
48
49                <category android:name="android.intent.category.LAUNCHER" />
49-->src\main\AndroidManifest.xml:32:17-77
49-->src\main\AndroidManifest.xml:32:27-74
50            </intent-filter>
51        </activity>
52
53        <!-- Register Activity -->
54        <activity
54-->src\main\AndroidManifest.xml:37:9-40:62
55            android:name="com.countwearables.app.ui.RegisterActivity"
55-->src\main\AndroidManifest.xml:38:13-48
56            android:exported="false"
56-->src\main\AndroidManifest.xml:39:13-37
57            android:parentActivityName="com.countwearables.app.ui.LoginActivity" />
57-->src\main\AndroidManifest.xml:40:13-59
58
59        <!-- Main Activity - Home screen with RecyclerView -->
60        <activity
60-->src\main\AndroidManifest.xml:43:9-45:40
61            android:name="com.countwearables.app.ui.MainActivity"
61-->src\main\AndroidManifest.xml:44:13-44
62            android:exported="false" />
62-->src\main\AndroidManifest.xml:45:13-37
63
64        <!-- Add/Edit Item Activity -->
65        <activity
65-->src\main\AndroidManifest.xml:48:9-51:61
66            android:name="com.countwearables.app.ui.AddEditItemActivity"
66-->src\main\AndroidManifest.xml:49:13-51
67            android:exported="false"
67-->src\main\AndroidManifest.xml:50:13-37
68            android:parentActivityName="com.countwearables.app.ui.MainActivity" />
68-->src\main\AndroidManifest.xml:51:13-58
69
70        <!-- Item Detail Activity -->
71        <activity
71-->src\main\AndroidManifest.xml:54:9-57:61
72            android:name="com.countwearables.app.ui.DetailActivity"
72-->src\main\AndroidManifest.xml:55:13-46
73            android:exported="false"
73-->src\main\AndroidManifest.xml:56:13-37
74            android:parentActivityName="com.countwearables.app.ui.MainActivity" />
74-->src\main\AndroidManifest.xml:57:13-58
75
76        <!-- FileProvider for camera image capture -->
77        <provider
78            android:name="androidx.core.content.FileProvider"
78-->src\main\AndroidManifest.xml:61:13-62
79            android:authorities="com.countwearables.app.fileprovider"
79-->src\main\AndroidManifest.xml:62:13-64
80            android:exported="false"
80-->src\main\AndroidManifest.xml:63:13-37
81            android:grantUriPermissions="true" >
81-->src\main\AndroidManifest.xml:64:13-47
82            <meta-data
82-->src\main\AndroidManifest.xml:65:13-67:54
83                android:name="android.support.FILE_PROVIDER_PATHS"
83-->src\main\AndroidManifest.xml:66:17-67
84                android:resource="@xml/file_paths" />
84-->src\main\AndroidManifest.xml:67:17-51
85        </provider>
86        <provider
86-->[androidx.emoji2:emoji2:1.2.0] AndroidManifest.xml:24:9-32:20
87            android:name="androidx.startup.InitializationProvider"
87-->[androidx.emoji2:emoji2:1.2.0] AndroidManifest.xml:25:13-67
88            android:authorities="com.countwearables.app.androidx-startup"
88-->[androidx.emoji2:emoji2:1.2.0] AndroidManifest.xml:26:13-68
89            android:exported="false" >
89-->[androidx.emoji2:emoji2:1.2.0] AndroidManifest.xml:27:13-37
90            <meta-data
90-->[androidx.emoji2:emoji2:1.2.0] AndroidManifest.xml:29:13-31:52
91                android:name="androidx.emoji2.text.EmojiCompatInitializer"
91-->[androidx.emoji2:emoji2:1.2.0] AndroidManifest.xml:30:17-75
92                android:value="androidx.startup" />
92-->[androidx.emoji2:emoji2:1.2.0] AndroidManifest.xml:31:17-49
93            <meta-data
93-->[androidx.lifecycle:lifecycle-process:2.7.0] AndroidManifest.xml:29:13-31:52
94                android:name="androidx.lifecycle.ProcessLifecycleInitializer"
94-->[androidx.lifecycle:lifecycle-process:2.7.0] AndroidManifest.xml:30:17-78
95                android:value="androidx.startup" />
95-->[androidx.lifecycle:lifecycle-process:2.7.0] AndroidManifest.xml:31:17-49
96            <meta-data
96-->[androidx.profileinstaller:profileinstaller:1.3.0] AndroidManifest.xml:29:13-31:52
97                android:name="androidx.profileinstaller.ProfileInstallerInitializer"
97-->[androidx.profileinstaller:profileinstaller:1.3.0] AndroidManifest.xml:30:17-85
98                android:value="androidx.startup" />
98-->[androidx.profileinstaller:profileinstaller:1.3.0] AndroidManifest.xml:31:17-49
99        </provider>
100
101        <uses-library
101-->[androidx.window:window:1.0.0] AndroidManifest.xml:25:9-27:40
102            android:name="androidx.window.extensions"
102-->[androidx.window:window:1.0.0] AndroidManifest.xml:26:13-54
103            android:required="false" />
103-->[androidx.window:window:1.0.0] AndroidManifest.xml:27:13-37
104        <uses-library
104-->[androidx.window:window:1.0.0] AndroidManifest.xml:28:9-30:40
105            android:name="androidx.window.sidecar"
105-->[androidx.window:window:1.0.0] AndroidManifest.xml:29:13-51
106            android:required="false" />
106-->[androidx.window:window:1.0.0] AndroidManifest.xml:30:13-37
107
108        <service
108-->[androidx.room:room-runtime:2.6.1] AndroidManifest.xml:24:9-28:63
109            android:name="androidx.room.MultiInstanceInvalidationService"
109-->[androidx.room:room-runtime:2.6.1] AndroidManifest.xml:25:13-74
110            android:directBootAware="true"
110-->[androidx.room:room-runtime:2.6.1] AndroidManifest.xml:26:13-43
111            android:exported="false" />
111-->[androidx.room:room-runtime:2.6.1] AndroidManifest.xml:27:13-37
112
113        <receiver
113-->[androidx.profileinstaller:profileinstaller:1.3.0] AndroidManifest.xml:34:9-52:20
114            android:name="androidx.profileinstaller.ProfileInstallReceiver"
114-->[androidx.profileinstaller:profileinstaller:1.3.0] AndroidManifest.xml:35:13-76
115            android:directBootAware="false"
115-->[androidx.profileinstaller:profileinstaller:1.3.0] AndroidManifest.xml:36:13-44
116            android:enabled="true"
116-->[androidx.profileinstaller:profileinstaller:1.3.0] AndroidManifest.xml:37:13-35
117            android:exported="true"
117-->[androidx.profileinstaller:profileinstaller:1.3.0] AndroidManifest.xml:38:13-36
118            android:permission="android.permission.DUMP" >
118-->[androidx.profileinstaller:profileinstaller:1.3.0] AndroidManifest.xml:39:13-57
119            <intent-filter>
119-->[androidx.profileinstaller:profileinstaller:1.3.0] AndroidManifest.xml:40:13-42:29
120                <action android:name="androidx.profileinstaller.action.INSTALL_PROFILE" />
120-->[androidx.profileinstaller:profileinstaller:1.3.0] AndroidManifest.xml:41:17-91
120-->[androidx.profileinstaller:profileinstaller:1.3.0] AndroidManifest.xml:41:25-88
121            </intent-filter>
122            <intent-filter>
122-->[androidx.profileinstaller:profileinstaller:1.3.0] AndroidManifest.xml:43:13-45:29
123                <action android:name="androidx.profileinstaller.action.SKIP_FILE" />
123-->[androidx.profileinstaller:profileinstaller:1.3.0] AndroidManifest.xml:44:17-85
123-->[androidx.profileinstaller:profileinstaller:1.3.0] AndroidManifest.xml:44:25-82
124            </intent-filter>
125            <intent-filter>
125-->[androidx.profileinstaller:profileinstaller:1.3.0] AndroidManifest.xml:46:13-48:29
126                <action android:name="androidx.profileinstaller.action.SAVE_PROFILE" />
126-->[androidx.profileinstaller:profileinstaller:1.3.0] AndroidManifest.xml:47:17-88
126-->[androidx.profileinstaller:profileinstaller:1.3.0] AndroidManifest.xml:47:25-85
127            </intent-filter>
128            <intent-filter>
128-->[androidx.profileinstaller:profileinstaller:1.3.0] AndroidManifest.xml:49:13-51:29
129                <action android:name="androidx.profileinstaller.action.BENCHMARK_OPERATION" />
129-->[androidx.profileinstaller:profileinstaller:1.3.0] AndroidManifest.xml:50:17-95
129-->[androidx.profileinstaller:profileinstaller:1.3.0] AndroidManifest.xml:50:25-92
130            </intent-filter>
131        </receiver>
132    </application>
133
134</manifest>